2024.08.04 14:07:53 INFO  Started: Metals version 1.3.5 in folders 'E:\2nd Year\Semester 1\FC\practicals\session 7\scala-Lab-session-7' for client Visual Studio Code 1.92.0.
SLF4J(W): Class path contains multiple SLF4J providers.
SLF4J(W): Found provider [scribe.slf4j.ScribeServiceProvider@6984c206]
SLF4J(W): Found provider [ch.qos.logback.classic.spi.LogbackServiceProvider@4a76e959]
SLF4J(W): See https://www.slf4j.org/codes.html#multiple_bindings for an explanation.
SLF4J(I): Actual provider is of type [scribe.slf4j.ScribeServiceProvider@6984c206]
2024.08.04 14:07:54 WARN  Flyway upgrade recommended: H2 2.3.230 is newer than this version of Flyway and support has not been tested. The latest supported version of H2 is 2.2.220.
2024.08.04 14:07:55 INFO  no build target found for E:\2nd Year\Semester 1\FC\practicals\session 7\scala-Lab-session-7\q1.scala. Using presentation compiler with project's scala-library version: 3.3.3
Aug 04, 2024 2:07:55 PM org.eclipse.lsp4j.jsonrpc.RemoteEndpoint handleCancellation
WARNING: Unmatched cancel notification for request id 1
Aug 04, 2024 2:07:55 PM org.eclipse.lsp4j.jsonrpc.RemoteEndpoint handleCancellation
WARNING: Unmatched cancel notification for request id 3
Aug 04, 2024 2:07:55 PM org.eclipse.lsp4j.jsonrpc.RemoteEndpoint handleCancellation
WARNING: Unmatched cancel notification for request id 5
Aug 04, 2024 2:07:55 PM org.eclipse.lsp4j.jsonrpc.RemoteEndpoint handleCancellation
WARNING: Unmatched cancel notification for request id 2
2024.08.04 14:08:01 INFO  Running List(C:\Users\User\AppData\Local\Coursier\data\bin\scala-cli.BAT, setup-ide, E:\2nd Year\Semester 1\FC\practicals\session 7\scala-Lab-session-7)
2024.08.04 14:08:02 INFO  Attempting to connect to the build server...
2024.08.04 14:08:02 INFO  Running BSP server List(C:\Users\User\AppData\Local\Coursier\data\bin\.scala-cli.aux.exe, bsp, --json-options, E:\2nd Year\Semester 1\FC\practicals\session 7\scala-Lab-session-7\.scala-build\ide-options-v2.json, --json-launcher-options, E:\2nd Year\Semester 1\FC\practicals\session 7\scala-Lab-session-7\.scala-build\ide-launcher-options.json, --envs-file, E:\2nd Year\Semester 1\FC\practicals\session 7\scala-Lab-session-7\.scala-build\ide-envs.json, E:\2nd Year\Semester 1\FC\practicals\session 7\scala-Lab-session-7)
2024.08.04 14:08:02 INFO  tracing is disabled for protocol BSP, to enable tracing of incoming and outgoing JSON messages create an empty file at E:\2nd Year\Semester 1\FC\practicals\session 7\scala-Lab-session-7\.metals\bsp.trace.json or C:\Users\User\AppData\Local\scalameta\metals\cache\bsp.trace.json
2024.08.04 14:08:05 WARN  Could not find semantic tokens for: file:///E:/2nd%20Year/Semester%201/FC/practicals/session%207/scala-Lab-session-7/q1.scala
2024.08.04 14:08:07 INFO  BSP server: Starting compilation server
2024.08.04 14:08:19 INFO  time: Connected to build server in 16s
2024.08.04 14:08:19 INFO  Connected to Build server: scala-cli v1.3.2
2024.08.04 14:08:20 INFO  time: Imported build in 0.64s
2024.08.04 14:08:19 INFO  running doctor check
2024.08.04 14:08:19 INFO  java targets: scala-Lab-session-7_f4dd477a3a, scala-Lab-session-7_f4dd477a3a-test
2024.08.04 14:08:21 INFO  compiling scala-lab-session-7_f4dd477a3a (1 scala source)
2024.08.04 14:08:25 INFO  time: compiled scala-Lab-session-7_f4dd477a3a in 3.78s
2024.08.04 14:08:30 WARN  Flyway upgrade recommended: H2 2.3.230 is newer than this version of Flyway and support has not been tested. The latest supported version of H2 is 2.2.220.
2024.08.04 14:08:33 WARN  Could not find semantic tokens for: file:///E:/2nd%20Year/Semester%201/FC/practicals/session%207/scala-Lab-session-7/q1.scala
2024.08.04 14:08:34 INFO  time: indexed workspace in 13s
2024.08.04 14:09:41 WARN  Could not find semantic tokens for: file:///E:/2nd%20Year/Semester%201/FC/practicals/session%207/scala-Lab-session-7/q1.scala
2024.08.04 14:09:41 WARN  Could not find semantic tokens for: file:///E:/2nd%20Year/Semester%201/FC/practicals/session%207/scala-Lab-session-7/q1.scala
2024.08.04 14:09:43 INFO  compiling scala-lab-session-7_f4dd477a3a (1 scala source)
2024.08.04 14:09:46 INFO  time: compiled scala-Lab-session-7_f4dd477a3a in 2.97s
2024.08.04 14:09:46 INFO  compiling scala-lab-session-7_f4dd477a3a (1 scala source)
2024.08.04 14:09:46 INFO  time: compiled scala-Lab-session-7_f4dd477a3a in 0.59s
2024.08.04 14:09:50 INFO  compiling scala-lab-session-7_f4dd477a3a (1 scala source)
2024.08.04 14:09:50 INFO  time: compiled scala-Lab-session-7_f4dd477a3a in 0.39s
2024.08.04 14:09:52 INFO  compiling scala-lab-session-7_f4dd477a3a (1 scala source)
2024.08.04 14:09:52 INFO  time: compiled scala-Lab-session-7_f4dd477a3a in 0.27s
2024.08.04 14:10:39 ERROR E:\2nd Year\Semester 1\FC\practicals\session 7\scala-Lab-session-7\q1.scala
scala.meta.internal.tokenizers.package$UnexpectedInputEndException
	at scala.meta.internal.tokenizers.LegacyScanner.$anonfun$nextToken$1(LegacyScanner.scala:172)
	at scala.Function0.apply$mcV$sp(Function0.scala:42)
	at scala.meta.internal.tokenizers.LegacyScanner.scala$meta$internal$tokenizers$LegacyScanner$$nextToken(LegacyScanner.scala:178)
	at scala.meta.internal.tokenizers.LegacyScanner.nextToken(LegacyScanner.scala:172)
	at scala.meta.internal.mtags.ScalaToplevelMtags$XtensionScanner.mtagsNextToken(ScalaToplevelMtags.scala:72)
	at scala.meta.internal.mtags.ScalaToplevelMtags.loop(ScalaToplevelMtags.scala:469)
	at scala.meta.internal.mtags.ScalaToplevelMtags.indexRoot(ScalaToplevelMtags.scala:84)
	at scala.meta.internal.metals.SemanticdbDefinition$.foreachWithReturnMtags(SemanticdbDefinition.scala:81)
	at scala.meta.internal.metals.Indexer.indexSourceFile(Indexer.scala:595)
	at scala.meta.internal.metals.Indexer.$anonfun$reindexWorkspaceSources$3(Indexer.scala:693)
	at scala.meta.internal.metals.Indexer.$anonfun$reindexWorkspaceSources$3$adapted(Indexer.scala:690)
	at scala.collection.IterableOnceOps.foreach(IterableOnce.scala:619)
	at scala.collection.IterableOnceOps.foreach$(IterableOnce.scala:617)
	at scala.collection.AbstractIterator.foreach(Iterator.scala:1303)
	at scala.meta.internal.metals.Indexer.reindexWorkspaceSources(Indexer.scala:690)
	at scala.meta.internal.metals.MetalsLspService.$anonfun$onChange$2(MetalsLspService.scala:952)
	at scala.runtime.java8.JFunction0$mcV$sp.apply(JFunction0$mcV$sp.scala:18)
	at scala.concurrent.Future$.$anonfun$apply$1(Future.scala:687)
	at scala.concurrent.impl.Promise$Transformation.run(Promise.scala:467)
	at java.util.concurrent.ThreadPoolExecutor.runWorker(ThreadPoolExecutor.java:1136)
	at java.util.concurrent.ThreadPoolExecutor$Worker.run(ThreadPoolExecutor.java:635)
	at java.lang.Thread.run(Thread.java:833)

2024.08.04 14:10:39 INFO  compiling scala-lab-session-7_f4dd477a3a (1 scala source)
2024.08.04 14:10:39 INFO  time: compiled scala-Lab-session-7_f4dd477a3a in 0.53s
2024.08.04 14:10:41 INFO  compiling scala-lab-session-7_f4dd477a3a (1 scala source)
2024.08.04 14:10:44 INFO  time: compiled scala-Lab-session-7_f4dd477a3a in 3.17s
2024.08.04 14:11:40 INFO  compiling scala-lab-session-7_f4dd477a3a (1 scala source)
2024.08.04 14:11:42 INFO  time: compiled scala-Lab-session-7_f4dd477a3a in 1.86s
2024.08.04 14:13:12 INFO  compiling scala-lab-session-7_f4dd477a3a (1 scala source)
2024.08.04 14:13:12 INFO  time: compiled scala-Lab-session-7_f4dd477a3a in 0.23s
2024.08.04 14:13:15 INFO  compiling scala-lab-session-7_f4dd477a3a (1 scala source)
2024.08.04 14:13:15 INFO  time: compiled scala-Lab-session-7_f4dd477a3a in 0.24s
2024.08.04 14:13:17 INFO  compiling scala-lab-session-7_f4dd477a3a (1 scala source)
Aug 04, 2024 2:13:18 PM org.eclipse.lsp4j.jsonrpc.RemoteEndpoint handleCancellation
WARNING: Unmatched cancel notification for request id 139
Aug 04, 2024 2:13:18 PM org.eclipse.lsp4j.jsonrpc.RemoteEndpoint handleCancellation
WARNING: Unmatched cancel notification for request id 144
Aug 04, 2024 2:13:18 PM org.eclipse.lsp4j.jsonrpc.RemoteEndpoint handleCancellation
WARNING: Unmatched cancel notification for request id 147
2024.08.04 14:13:19 INFO  time: compiled scala-Lab-session-7_f4dd477a3a in 2.04s
2024.08.04 14:13:19 INFO  compiling scala-lab-session-7_f4dd477a3a (1 scala source)
2024.08.04 14:13:19 INFO  time: compiled scala-Lab-session-7_f4dd477a3a in 0.35s
2024.08.04 14:13:27 INFO  compiling scala-lab-session-7_f4dd477a3a (1 scala source)
2024.08.04 14:13:27 INFO  time: compiled scala-Lab-session-7_f4dd477a3a in 0.18s
Aug 04, 2024 2:13:28 PM org.eclipse.lsp4j.jsonrpc.RemoteEndpoint handleCancellation
WARNING: Unmatched cancel notification for request id 185
2024.08.04 14:13:31 INFO  compiling scala-lab-session-7_f4dd477a3a (1 scala source)
2024.08.04 14:13:31 INFO  time: compiled scala-Lab-session-7_f4dd477a3a in 0.61s
2024.08.04 14:13:36 INFO  compiling scala-lab-session-7_f4dd477a3a (1 scala source)
2024.08.04 14:13:36 INFO  time: compiled scala-Lab-session-7_f4dd477a3a in 0.67s
2024.08.04 14:13:42 INFO  compiling scala-lab-session-7_f4dd477a3a (1 scala source)
2024.08.04 14:13:42 INFO  time: compiled scala-Lab-session-7_f4dd477a3a in 0.27s
2024.08.04 14:13:49 INFO  compiling scala-lab-session-7_f4dd477a3a (1 scala source)
2024.08.04 14:13:49 INFO  time: compiled scala-Lab-session-7_f4dd477a3a in 0.26s
2024.08.04 14:13:53 INFO  compiling scala-lab-session-7_f4dd477a3a (1 scala source)
2024.08.04 14:13:53 INFO  time: compiled scala-Lab-session-7_f4dd477a3a in 0.94s
2024.08.04 14:13:55 INFO  compiling scala-lab-session-7_f4dd477a3a (1 scala source)
2024.08.04 14:13:55 INFO  time: compiled scala-Lab-session-7_f4dd477a3a in 0.46s
2024.08.04 14:14:02 INFO  compiling scala-lab-session-7_f4dd477a3a (1 scala source)
2024.08.04 14:14:02 INFO  time: compiled scala-Lab-session-7_f4dd477a3a in 0.24s
2024.08.04 14:14:13 INFO  compiling scala-lab-session-7_f4dd477a3a (1 scala source)
2024.08.04 14:14:13 INFO  time: compiled scala-Lab-session-7_f4dd477a3a in 0.22s
2024.08.04 14:14:16 INFO  compiling scala-lab-session-7_f4dd477a3a (1 scala source)
2024.08.04 14:14:16 INFO  time: compiled scala-Lab-session-7_f4dd477a3a in 0.13s
2024.08.04 14:14:18 INFO  compiling scala-lab-session-7_f4dd477a3a (1 scala source)
2024.08.04 14:14:18 INFO  time: compiled scala-Lab-session-7_f4dd477a3a in 0.17s
2024.08.04 14:14:24 INFO  compiling scala-lab-session-7_f4dd477a3a (1 scala source)
2024.08.04 14:14:24 INFO  time: compiled scala-Lab-session-7_f4dd477a3a in 0.18s
2024.08.04 14:14:25 INFO  compiling scala-lab-session-7_f4dd477a3a (1 scala source)
2024.08.04 14:14:25 INFO  time: compiled scala-Lab-session-7_f4dd477a3a in 0.12s
2024.08.04 14:14:27 INFO  compiling scala-lab-session-7_f4dd477a3a (1 scala source)
2024.08.04 14:14:27 INFO  time: compiled scala-Lab-session-7_f4dd477a3a in 0.18s
2024.08.04 14:14:29 INFO  compiling scala-lab-session-7_f4dd477a3a (1 scala source)
2024.08.04 14:14:29 INFO  time: compiled scala-Lab-session-7_f4dd477a3a in 0.14s
2024.08.04 14:14:30 INFO  compiling scala-lab-session-7_f4dd477a3a (1 scala source)
2024.08.04 14:14:30 INFO  time: compiled scala-Lab-session-7_f4dd477a3a in 0.14s
2024.08.04 14:14:32 INFO  compiling scala-lab-session-7_f4dd477a3a (1 scala source)
2024.08.04 14:14:32 INFO  time: compiled scala-Lab-session-7_f4dd477a3a in 0.17s
2024.08.04 14:14:33 INFO  compiling scala-lab-session-7_f4dd477a3a (1 scala source)
2024.08.04 14:14:33 INFO  time: compiled scala-Lab-session-7_f4dd477a3a in 0.12s
2024.08.04 14:14:46 INFO  compiling scala-lab-session-7_f4dd477a3a (1 scala source)
2024.08.04 14:14:46 INFO  time: compiled scala-Lab-session-7_f4dd477a3a in 0.64s
2024.08.04 14:14:49 INFO  compiling scala-lab-session-7_f4dd477a3a (1 scala source)
2024.08.04 14:14:49 INFO  time: compiled scala-Lab-session-7_f4dd477a3a in 0.59s
2024.08.04 14:14:52 INFO  compiling scala-lab-session-7_f4dd477a3a (1 scala source)
2024.08.04 14:14:52 INFO  time: compiled scala-Lab-session-7_f4dd477a3a in 0.58s
Aug 04, 2024 3:00:54 PM org.eclipse.lsp4j.jsonrpc.services.GenericEndpoint notify
INFO: Unsupported notification method: $/setTrace
